2026-07-16 20:32:51.280 CST [4676] 日志:  正在启动 PostgreSQL 18.1 on x86_64-windows, compiled by msvc-19.44.35219, 64-bit
2026-07-16 20:32:51.283 CST [4676] 日志:  正在监听IPv6地址"::1"，端口 5432
2026-07-16 20:32:51.283 CST [4676] 日志:  正在监听IPv4地址"127.0.0.1"，端口 5432
2026-07-16 20:32:51.332 CST [19124] 日志:  数据库系统中断；上一次的启动时间是在2026-07-16 20:24:07 CST
2026-07-16 20:32:58.028 CST [19124] 日志:  无法打开文件 "./log/manual_start.log": 共享冲突
2026-07-16 20:32:58.028 CST [19124] 详细信息:  继续重新尝试30秒
2026-07-16 20:32:58.028 CST [19124] 提示:  您可能有反病毒，备份或类似的软件与数据库系统冲突
2026-07-16 20:33:25.166 CST [19124] 日志:  syncing data directory (fsync), elapsed time: 33.83 s, current path: ./log/manual_test.log
2026-07-16 20:33:25.207 CST [19124] 日志:  数据库系统没有正确的关闭; 处于自动恢复状态中
2026-07-16 20:33:25.213 CST [19124] 日志:  redo 在 0/122258C0 开始
2026-07-16 20:33:25.218 CST [19124] 日志:  invalid record length at 0/122D4AF0: expected at least 24, got 0
2026-07-16 20:33:25.218 CST [19124] 日志:  redo done at 0/122D4AB8 system usage: CPU:用户：0.00 s，系统：0.00 s，已用时间：0.00 s
2026-07-16 20:33:25.223 CST [4232] 日志:  checkpoint starting: end-of-recovery immediate wait
2026-07-16 20:33:25.285 CST [4232] 日志:  checkpoint complete: wrote 48 buffers (0.3%), wrote 3 SLRU buffers; 0 WAL file(s) added, 0 removed, 0 recycled; write=0.003 s, sync=0.047 s, total=0.066 s; sync files=24, longest=0.003 s, average=0.002 s; distance=700 kB, estimate=700 kB; lsn=0/122D4AF0, redo lsn=0/122D4AF0
2026-07-16 20:33:25.292 CST [4676] 日志:  数据库系统准备接受连接
2026-07-16 20:38:25.461 CST [4676] 日志:  autovacuum worker (PID 19012) 被异常 0xC0000142 终止
2026-07-16 20:38:25.461 CST [4676] 提示:  关于对16进制值的描述， 参见C语言的引用文件 "ntstatus.h" 
2026-07-16 20:38:25.461 CST [4676] 日志:  中断任何其它已激活的服务器进程
2026-07-16 20:38:25.476 CST [4676] 日志:  所有的服务器进程被中止; 重新初始化
2026-07-16 20:38:25.493 CST [4676] 日志:  启动进程 (PID 8828) 被异常 0xC0000142 终止
2026-07-16 20:38:25.493 CST [4676] 提示:  关于对16进制值的描述， 参见C语言的引用文件 "ntstatus.h" 
2026-07-16 20:38:25.493 CST [4676] 日志:  由于启动进程失败, 终止启动
2026-07-16 20:38:25.495 CST [4676] 日志:  数据库系统已关闭
2026-07-16 20:39:04.610 CST [17900] 日志:  正在启动 PostgreSQL 18.1 on x86_64-windows, compiled by msvc-19.44.35219, 64-bit
2026-07-16 20:39:04.613 CST [17900] 日志:  正在监听IPv6地址"::1"，端口 5432
2026-07-16 20:39:04.613 CST [17900] 日志:  正在监听IPv4地址"127.0.0.1"，端口 5432
2026-07-16 20:39:04.657 CST [9204] 日志:  数据库系统中断；上一次的启动时间是在2026-07-16 20:33:25 CST
2026-07-16 20:39:11.401 CST [9204] 日志:  无法打开文件 "./log/manual_start.log": 共享冲突
2026-07-16 20:39:11.401 CST [9204] 详细信息:  继续重新尝试30秒
2026-07-16 20:39:11.401 CST [9204] 提示:  您可能有反病毒，备份或类似的软件与数据库系统冲突
2026-07-16 20:39:38.613 CST [9204] 日志:  syncing data directory (fsync), elapsed time: 33.95 s, current path: ./log/manual_test.log
2026-07-16 20:39:38.651 CST [9204] 日志:  数据库系统没有正确的关闭; 处于自动恢复状态中
2026-07-16 20:39:38.655 CST [9204] 日志:  redo 在 0/122D4B68 开始
2026-07-16 20:39:38.655 CST [9204] 日志:  invalid record length at 0/122D4BA0: expected at least 24, got 0
2026-07-16 20:39:38.655 CST [9204] 日志:  redo done at 0/122D4B68 system usage: CPU:用户：0.00 s，系统：0.00 s，已用时间：0.00 s
2026-07-16 20:39:38.661 CST [3948] 日志:  checkpoint starting: end-of-recovery immediate wait
2026-07-16 20:39:38.679 CST [3948] 日志:  checkpoint complete: wrote 0 buffers (0.0%), wrote 3 SLRU buffers; 0 WAL file(s) added, 0 removed, 0 recycled; write=0.001 s, sync=0.005 s, total=0.022 s; sync files=2, longest=0.003 s, average=0.003 s; distance=0 kB, estimate=0 kB; lsn=0/122D4BA0, redo lsn=0/122D4BA0
2026-07-16 20:39:38.685 CST [17900] 日志:  数据库系统准备接受连接
2026-07-16 20:45:44.319 CST [17900] 日志:  client backend (PID 12040) 被异常 0xC0000142 终止
2026-07-16 20:45:44.319 CST [17900] 提示:  关于对16进制值的描述， 参见C语言的引用文件 "ntstatus.h" 
2026-07-16 20:45:44.319 CST [17900] 日志:  中断任何其它已激活的服务器进程
2026-07-16 20:45:44.325 CST [17900] 日志:  所有的服务器进程被中止; 重新初始化
2026-07-16 20:45:44.342 CST [17900] 日志:  启动进程 (PID 8948) 被异常 0xC0000142 终止
2026-07-16 20:45:44.342 CST [17900] 提示:  关于对16进制值的描述， 参见C语言的引用文件 "ntstatus.h" 
2026-07-16 20:45:44.342 CST [17900] 日志:  由于启动进程失败, 终止启动
2026-07-16 20:45:44.344 CST [17900] 日志:  数据库系统已关闭
